<?xml version="1.0" encoding="UTF-8" ?>
<testsuite tests="58" failures="0" name="ai.catboost.CatBoostModelTest" time="0.735" errors="0" skipped="0">
  <properties>
    <property name="java.runtime.name" value="OpenJDK Runtime Environment"/>
    <property name="java.vm.version" value="11.0.10+9"/>
    <property name="sun.boot.library.path" value="/usr/local/Cellar/openjdk@11/11.0.10/libexec/openjdk.jdk/Contents/Home/lib"/>
    <property name="gopherProxySet" value="false"/>
    <property name="maven.multiModuleProjectDirectory" value="/Users/n-shimada/projects/catboost/catboost/jvm-packages/catboost4j-prediction"/>
    <property name="java.vm.vendor" value="Oracle Corporation"/>
    <property name="java.vendor.url" value="https://openjdk.java.net/"/>
    <property name="guice.disable.misplaced.annotation.check" value="true"/>
    <property name="path.separator" value=":"/>
    <property name="java.vm.name" value="OpenJDK 64-Bit Server VM"/>
    <property name="sun.os.patch.level" value="unknown"/>
    <property name="user.country" value="JP"/>
    <property name="sun.java.launcher" value="SUN_STANDARD"/>
    <property name="java.vm.specification.name" value="Java Virtual Machine Specification"/>
    <property name="user.dir" value="/Users/n-shimada/projects/catboost/catboost/jvm-packages/catboost4j-prediction"/>
    <property name="java.vm.compressedOopsMode" value="Zero based"/>
    <property name="java.runtime.version" value="11.0.10+9"/>
    <property name="java.awt.graphicsenv" value="sun.awt.CGraphicsEnvironment"/>
    <property name="os.arch" value="x86_64"/>
    <property name="java.io.tmpdir" value="/var/folders/mq/07cln_5x03b6w3yswwd_fml00000gp/T/"/>
    <property name="line.separator" value="
"/>
    <property name="java.vm.specification.vendor" value="Oracle Corporation"/>
    <property name="os.name" value="Mac OS X"/>
    <property name="classworlds.conf" value="/usr/local/Cellar/maven/3.8.1/libexec/bin/m2.conf"/>
    <property name="sun.jnu.encoding" value="UTF-8"/>
    <property name="java.library.path" value="/Users/n-shimada/Library/Java/Extensions:/Library/Java/Extensions:/Network/Library/Java/Extensions:/System/Library/Java/Extensions:/usr/lib/java:."/>
    <property name="maven.conf" value="/usr/local/Cellar/maven/3.8.1/libexec/conf"/>
    <property name="jdk.debug" value="release"/>
    <property name="java.class.version" value="55.0"/>
    <property name="java.specification.name" value="Java Platform API Specification"/>
    <property name="sun.management.compiler" value="HotSpot 64-Bit Tiered Compilers"/>
    <property name="os.version" value="10.15.7"/>
    <property name="library.jansi.path" value="/usr/local/Cellar/maven/3.8.1/libexec/lib/jansi-native"/>
    <property name="user.home" value="/Users/n-shimada"/>
    <property name="user.timezone" value="Asia/Tokyo"/>
    <property name="java.awt.printerjob" value="sun.lwawt.macosx.CPrinterJob"/>
    <property name="file.encoding" value="UTF-8"/>
    <property name="java.specification.version" value="11"/>
    <property name="user.name" value="n-shimada"/>
    <property name="java.class.path" value="/usr/local/Cellar/maven/3.8.1/libexec/boot/plexus-classworlds-2.6.0.jar"/>
    <property name="java.vm.specification.version" value="11"/>
    <property name="sun.arch.data.model" value="64"/>
    <property name="sun.java.command" value="org.codehaus.plexus.classworlds.launcher.Launcher package"/>
    <property name="java.home" value="/usr/local/Cellar/openjdk@11/11.0.10/libexec/openjdk.jdk/Contents/Home"/>
    <property name="user.language" value="ja"/>
    <property name="java.specification.vendor" value="Oracle Corporation"/>
    <property name="awt.toolkit" value="sun.lwawt.macosx.LWCToolkit"/>
    <property name="java.vm.info" value="mixed mode"/>
    <property name="java.version" value="11.0.10"/>
    <property name="java.vendor" value="Oracle Corporation"/>
    <property name="maven.home" value="/usr/local/Cellar/maven/3.8.1/libexec"/>
    <property name="file.separator" value="/"/>
    <property name="java.version.date" value="2021-01-19"/>
    <property name="java.vendor.url.bug" value="https://bugreport.java.com/bugreport/"/>
    <property name="sun.io.unicode.encoding" value="UnicodeBig"/>
    <property name="sun.cpu.endian" value="little"/>
    <property name="sun.cpu.isalist" value=""/>
  </properties>
  <testcase classname="ai.catboost.CatBoostModelTest" name="testSuccessfulPredictMultipleHashesOnly" time="0.61"/>
  <testcase classname="ai.catboost.CatBoostModelTest" name="testFailPredictMultipleInsufficientPredictionSize" time="0.002"/>
  <testcase classname="ai.catboost.CatBoostModelTest" name="testFailPredictSingleWithNullInNumericHashes" time="0.002"/>
  <testcase classname="ai.catboost.CatBoostModelTest" name="testFailPredictMultipleNullInNumericHashes" time="0.001"/>
  <testcase classname="ai.catboost.CatBoostModelTest" name="testFailPredictSingleCategoricOnlyWithNullInNumeric" time="0.001"/>
  <testcase classname="ai.catboost.CatBoostModelTest" name="testFailPredictMultipleInsufficientNumberOfCategoricFeatures" time="0.002"/>
  <testcase classname="ai.catboost.CatBoostModelTest" name="testFailPredictMultipleCategoricOnlyInsufficientNumberOfFeatures" time="0.001"/>
  <testcase classname="ai.catboost.CatBoostModelTest" name="testFailPredictMultipleInsufficientNumberOfNumericFeaturesHashes" time="0.002"/>
  <testcase classname="ai.catboost.CatBoostModelTest" name="testEmptyFeaturesArray" time="0.001"/>
  <testcase classname="ai.catboost.CatBoostModelTest" name="testFailPredictWithInsufficientPredictionSize" time="0.001"/>
  <testcase classname="ai.catboost.CatBoostModelTest" name="testFailPredictSinglewihtInsufficientNumericFeatures" time="0.001"/>
  <testcase classname="ai.catboost.CatBoostModelTest" name="testFailPredictSingleHashesOnlywihtInsufficientCategoricFeatures" time="0.001"/>
  <testcase classname="ai.catboost.CatBoostModelTest" name="testFailPredictSingleWithNullInCategoric" time="0.001"/>
  <testcase classname="ai.catboost.CatBoostModelTest" name="testModelAttributes" time="0.001"/>
  <testcase classname="ai.catboost.CatBoostModelTest" name="testFailPredictMultipleInsufficientNumberOfCategoricFeaturesHashes" time="0.001"/>
  <testcase classname="ai.catboost.CatBoostModelTest" name="testFailPredictSingleCategoricOnlywihtInsufficientCategoricFeatures" time="0.002"/>
  <testcase classname="ai.catboost.CatBoostModelTest" name="testSuccessfulPredictMultipleCategoricOnly" time="0.001"/>
  <testcase classname="ai.catboost.CatBoostModelTest" name="testFailPredictMultipleInsufficientNumberOfCategoricRowsHashes" time="0.001"/>
  <testcase classname="ai.catboost.CatBoostModelTest" name="testFailPredictMultipleHashesOnlyNullInCategoric" time="0.001"/>
  <testcase classname="ai.catboost.CatBoostModelTest" name="testHashCategoricalFeatures" time="0"/>
  <testcase classname="ai.catboost.CatBoostModelTest" name="testFailPredictSinglewihtInsufficientNumericFeaturesHashes" time="0.001"/>
  <testcase classname="ai.catboost.CatBoostModelTest" name="testSuccessfulPredictSingle" time="0.001"/>
  <testcase classname="ai.catboost.CatBoostModelTest" name="testSuccessfulPredictSingleNumericOnly" time="0.001"/>
  <testcase classname="ai.catboost.CatBoostModelTest" name="testFailPredictMultipleInsufficientNumberOfCategoricRows" time="0.001"/>
  <testcase classname="ai.catboost.CatBoostModelTest" name="testFailPredictSingleNumericOnlyWithNullInNumeric" time="0.001"/>
  <testcase classname="ai.catboost.CatBoostModelTest" name="testFailPredictSinglewihtInsufficientCategoricFeatures" time="0.001"/>
  <testcase classname="ai.catboost.CatBoostModelTest" name="testSuccessfulLoadModelFromFile" time="0.002"/>
  <testcase classname="ai.catboost.CatBoostModelTest" name="testFailPredictMultipleNullInNumeric" time="0"/>
  <testcase classname="ai.catboost.CatBoostModelTest" name="testSuccessfulPredictSingleHashesOnly" time="0"/>
  <testcase classname="ai.catboost.CatBoostModelTest" name="testSuccessfulPredictSingleHashes" time="0.001"/>
  <testcase classname="ai.catboost.CatBoostModelTest" name="testFailPredictMultipleNullInCategoricHashes" time="0.001"/>
  <testcase classname="ai.catboost.CatBoostModelTest" name="testFailPredictNumericOnlyWithInsufficientPredictionSize" time="0.001"/>
  <testcase classname="ai.catboost.CatBoostModelTest" name="testFailPredictMultipleNullInCategoric" time="0.001"/>
  <testcase classname="ai.catboost.CatBoostModelTest" name="testSuccessfulPredictMultipleHashes" time="0"/>
  <testcase classname="ai.catboost.CatBoostModelTest" name="testFailLoadModelFromFile" time="0.002"/>
  <testcase classname="ai.catboost.CatBoostModelTest" name="testFailPredictMultipleInsufficientNumberOfNumericRows" time="0.001"/>
  <testcase classname="ai.catboost.CatBoostModelTest" name="testFailPredictSinglewihtInsufficientCategoricFeaturesHashes" time="0"/>
  <testcase classname="ai.catboost.CatBoostModelTest" name="testFailPredictMultipleCategoricOnlyNullInCategoric" time="0.001"/>
  <testcase classname="ai.catboost.CatBoostModelTest" name="testFailPredictMultipleNumericOnlyInsufficientNumberOfFeatures" time="0.001"/>
  <testcase classname="ai.catboost.CatBoostModelTest" name="testSuccessfulPredictMultipleNumericOnly" time="0.001"/>
  <testcase classname="ai.catboost.CatBoostModelTest" name="testFailPredictSingleWithNullInCategoricHashes" time="0"/>
  <testcase classname="ai.catboost.CatBoostModelTest" name="testHashCategoricalFeature" time="0.001"/>
  <testcase classname="ai.catboost.CatBoostModelTest" name="testFailPredictMultipleHashesOnlyInsufficientNumberOfFeatures" time="0"/>
  <testcase classname="ai.catboost.CatBoostModelTest" name="testSuccessfulLoadModelFromJsonStream" time="0.035"/>
  <testcase classname="ai.catboost.CatBoostModelTest" name="testFailPredictMultipleInsufficientNumberOfNumericRowsHashes" time="0.001"/>
  <testcase classname="ai.catboost.CatBoostModelTest" name="testSuccessfulLoadModelFromFileJsonFormat" time="0.031"/>
  <testcase classname="ai.catboost.CatBoostModelTest" name="testFailPredictMultipleInsufficientNumberOfNumericFeatures" time="0.001"/>
  <testcase classname="ai.catboost.CatBoostModelTest" name="testSuccessfulPredictSingleCategoricOnly" time="0.001"/>
  <testcase classname="ai.catboost.CatBoostModelTest" name="testFailPredictSingleWithNullInNumeric" time="0.001"/>
  <testcase classname="ai.catboost.CatBoostModelTest" name="testModelMetaAttributes" time="0.008"/>
  <testcase classname="ai.catboost.CatBoostModelTest" name="testFailPredictSingleCategoricOnlyWithNullCategoricalFeatures" time="0.001"/>
  <testcase classname="ai.catboost.CatBoostModelTest" name="testFailLoadModelFromStream" time="0.001"/>
  <testcase classname="ai.catboost.CatBoostModelTest" name="testFailPredictMultipleNumericOnlyNullInNumeric" time="0"/>
  <testcase classname="ai.catboost.CatBoostModelTest" name="testFailPredictWithInsufficientPredictionSizeHashes" time="0"/>
  <testcase classname="ai.catboost.CatBoostModelTest" name="testFailPredictSingleHashesOnlyWithNullInNumeric" time="0.001"/>
  <testcase classname="ai.catboost.CatBoostModelTest" name="testSuccessfulLoadModelFromStream" time="0.001"/>
  <testcase classname="ai.catboost.CatBoostModelTest" name="testSuccessfulPredictMultiple" time="0"/>
  <testcase classname="ai.catboost.CatBoostModelTest" name="testFailPredictSingleNumericOnlywithInsufficientNumericFeatures" time="0.001"/>
</testsuite>